# JRE version: OpenJDK Runtime Environment (8.0_202-b03) (build 1.8.0_202-release-1483-b03)
# Java VM: OpenJDK 64-Bit Server VM (25.202-b03 mixed mode windows-amd64 compressed oops)
Heap:
 PSYoungGen      total 279552K, used 110977K [0x00000000e0000000, 0x00000000f2b00000, 0x0000000100000000)
  eden space 252928K, 43% used [0x00000000e0000000,0x00000000e6c606c8,0x00000000ef700000)
  from space 26624K, 0% used [0x00000000ef700000,0x00000000ef700000,0x00000000f1100000)
  to   space 25088K, 0% used [0x00000000f1280000,0x00000000f1280000,0x00000000f2b00000)
 ParOldGen       total 126464K, used 63125K [0x00000000a0000000, 0x00000000a7b80000, 0x00000000e0000000)
  object space 126464K, 49% used [0x00000000a0000000,0x00000000a3da57e8,0x00000000a7b80000)
 Metaspace       used 94194K, capacity 97874K, committed 98264K, reserved 1134592K
  class space    used 11982K, capacity 12672K, committed 12760K, reserved 1048576K
GC Heap History (10 events):
Event: 1161.586 GC heap before
{Heap before GC invocations=33 (full 3):
 PSYoungGen      total 187904K, used 168443K [0x00000000e0000000, 0x00000000efa80000, 0x0000000100000000)
  eden space 160256K, 100% used [0x00000000e0000000,0x00000000e9c80000,0x00000000e9c80000)
  from space 27648K, 29% used [0x00000000e9c80000,0x00000000ea47ee50,0x00000000eb780000)
  to   space 27136K, 0% used [0x00000000ee000000,0x00000000ee000000,0x00000000efa80000)
 ParOldGen       total 86016K, used 69714K [0x00000000a0000000, 0x00000000a5400000, 0x00000000e0000000)
  object space 86016K, 81% used [0x00000000a0000000,0x00000000a4414888,0x00000000a5400000)
 Metaspace       used 94075K, capacity 97850K, committed 98008K, reserved 1134592K
  class space    used 11995K, capacity 12694K, committed 12760K, reserved 1048576K
Event: 1161.632 GC heap after
Heap after GC invocations=33 (full 3):
 PSYoungGen      total 227328K, used 7816K [0x00000000e0000000, 0x00000000ef900000, 0x0000000100000000)
  eden space 201728K, 0% used [0x00000000e0000000,0x00000000e0000000,0x00000000ec500000)
  from space 25600K, 30% used [0x00000000ee000000,0x00000000ee7a23a8,0x00000000ef900000)
  to   space 26624K, 0% used [0x00000000ec500000,0x00000000ec500000,0x00000000edf00000)
 ParOldGen       total 86016K, used 70274K [0x00000000a0000000, 0x00000000a5400000, 0x00000000e0000000)
  object space 86016K, 81% used [0x00000000a0000000,0x00000000a44a0888,0x00000000a5400000)
 Metaspace       used 94075K, capacity 97850K, committed 98008K, reserved 1134592K
  class space    used 11995K, capacity 12694K, committed 12760K, reserved 1048576K
}
Event: 1162.634 GC heap before
{Heap before GC invocations=34 (full 3):
 PSYoungGen      total 227328K, used 209544K [0x00000000e0000000, 0x00000000ef900000, 0x0000000100000000)
  eden space 201728K, 100% used [0x00000000e0000000,0x00000000ec500000,0x00000000ec500000)
  from space 25600K, 30% used [0x00000000ee000000,0x00000000ee7a23a8,0x00000000ef900000)
  to   space 26624K, 0% used [0x00000000ec500000,0x00000000ec500000,0x00000000edf00000)
 ParOldGen       total 86016K, used 70274K [0x00000000a0000000, 0x00000000a5400000, 0x00000000e0000000)
  object space 86016K, 81% used [0x00000000a0000000,0x00000000a44a0888,0x00000000a5400000)
 Metaspace       used 94129K, capacity 97922K, committed 98008K, reserved 1134592K
  class space    used 11995K, capacity 12694K, committed 12760K, reserved 1048576K
Event: 1162.678 GC heap after
Heap after GC invocations=34 (full 3):
 PSYoungGen      total 228352K, used 2536K [0x00000000e0000000, 0x00000000f2d00000, 0x0000000100000000)
  eden space 201728K, 0% used [0x00000000e0000000,0x00000000e0000000,0x00000000ec500000)
  from space 26624K, 9% used [0x00000000ec500000,0x00000000ec77a398,0x00000000edf00000)
  to   space 27136K, 0% used [0x00000000f1280000,0x00000000f1280000,0x00000000f2d00000)
 ParOldGen       total 86016K, used 75416K [0x00000000a0000000, 0x00000000a5400000, 0x00000000e0000000)
  object space 86016K, 87% used [0x00000000a0000000,0x00000000a49a6050,0x00000000a5400000)
 Metaspace       used 94129K, capacity 97922K, committed 98008K, reserved 1134592K
  class space    used 11995K, capacity 12694K, committed 12760K, reserved 1048576K
}
Event: 1163.718 GC heap before
{Heap before GC invocations=35 (full 3):
 PSYoungGen      total 228352K, used 204264K [0x00000000e0000000, 0x00000000f2d00000, 0x0000000100000000)
  eden space 201728K, 100% used [0x00000000e0000000,0x00000000ec500000,0x00000000ec500000)
  from space 26624K, 9% used [0x00000000ec500000,0x00000000ec77a398,0x00000000edf00000)
  to   space 27136K, 0% used [0x00000000f1280000,0x00000000f1280000,0x00000000f2d00000)
 ParOldGen       total 86016K, used 75416K [0x00000000a0000000, 0x00000000a5400000, 0x00000000e0000000)
  object space 86016K, 87% used [0x00000000a0000000,0x00000000a49a6050,0x00000000a5400000)
 Metaspace       used 94160K, capacity 97926K, committed 98008K, reserved 1134592K
  class space    used 11995K, capacity 12694K, committed 12760K, reserved 1048576K
Event: 1163.755 GC heap after
Heap after GC invocations=35 (full 3):
 PSYoungGen      total 278016K, used 5271K [0x00000000e0000000, 0x00000000f2b00000, 0x0000000100000000)
  eden space 252928K, 0% used [0x00000000e0000000,0x00000000e0000000,0x00000000ef700000)
  from space 25088K, 21% used [0x00000000f1280000,0x00000000f17a5ee0,0x00000000f2b00000)
  to   space 26624K, 0% used [0x00000000ef700000,0x00000000ef700000,0x00000000f1100000)
 ParOldGen       total 86016K, used 76627K [0x00000000a0000000, 0x00000000a5400000, 0x00000000e0000000)
  object space 86016K, 89% used [0x00000000a0000000,0x00000000a4ad4f28,0x00000000a5400000)
 Metaspace       used 94160K, capacity 97926K, committed 98008K, reserved 1134592K
  class space    used 11995K, capacity 12694K, committed 12760K, reserved 1048576K
}
Event: 1164.904 GC heap before
{Heap before GC invocations=36 (full 3):
 PSYoungGen      total 278016K, used 258199K [0x00000000e0000000, 0x00000000f2b00000, 0x0000000100000000)
  eden space 252928K, 100% used [0x00000000e0000000,0x00000000ef700000,0x00000000ef700000)
  from space 25088K, 21% used [0x00000000f1280000,0x00000000f17a5ee0,0x00000000f2b00000)
  to   space 26624K, 0% used [0x00000000ef700000,0x00000000ef700000,0x00000000f1100000)
 ParOldGen       total 86016K, used 76627K [0x00000000a0000000, 0x00000000a5400000, 0x00000000e0000000)
  object space 86016K, 89% used [0x00000000a0000000,0x00000000a4ad4f28,0x00000000a5400000)
 Metaspace       used 94234K, capacity 97994K, committed 98264K, reserved 1134592K
  class space    used 11995K, capacity 12694K, committed 12760K, reserved 1048576K
Event: 1165.040 GC heap after
Heap after GC invocations=36 (full 3):
 PSYoungGen      total 279552K, used 1720K [0x00000000e0000000, 0x00000000f2b00000, 0x0000000100000000)
  eden space 252928K, 0% used [0x00000000e0000000,0x00000000e0000000,0x00000000ef700000)
  from space 26624K, 6% used [0x00000000ef700000,0x00000000ef8ae1d8,0x00000000f1100000)
  to   space 25088K, 0% used [0x00000000f1280000,0x00000000f1280000,0x00000000f2b00000)
 ParOldGen       total 86016K, used 81184K [0x00000000a0000000, 0x00000000a5400000, 0x00000000e0000000)
  object space 86016K, 94% used [0x00000000a0000000,0x00000000a4f48108,0x00000000a5400000)
 Metaspace       used 94234K, capacity 97994K, committed 98264K, reserved 1134592K
  class space    used 11995K, capacity 12694K, committed 12760K, reserved 1048576K
}
Event: 1165.040 GC heap before
{Heap before GC invocations=37 (full 4):
 PSYoungGen      total 279552K, used 1720K [0x00000000e0000000, 0x00000000f2b00000, 0x0000000100000000)
  eden space 252928K, 0% used [0x00000000e0000000,0x00000000e0000000,0x00000000ef700000)
  from space 26624K, 6% used [0x00000000ef700000,0x00000000ef8ae1d8,0x00000000f1100000)
  to   space 25088K, 0% used [0x00000000f1280000,0x00000000f1280000,0x00000000f2b00000)
 ParOldGen       total 86016K, used 81184K [0x00000000a0000000, 0x00000000a5400000, 0x00000000e0000000)
  object space 86016K, 94% used [0x00000000a0000000,0x00000000a4f48108,0x00000000a5400000)
 Metaspace       used 94234K, capacity 97994K, committed 98264K, reserved 1134592K
  class space    used 11995K, capacity 12694K, committed 12760K, reserved 1048576K
Event: 1165.490 GC heap after
Heap after GC invocations=37 (full 4):
 PSYoungGen      total 279552K, used 0K [0x00000000e0000000, 0x00000000f2b00000, 0x0000000100000000)
  eden space 252928K, 0% used [0x00000000e0000000,0x00000000e0000000,0x00000000ef700000)
  from space 26624K, 0% used [0x00000000ef700000,0x00000000ef700000,0x00000000f1100000)
  to   space 25088K, 0% used [0x00000000f1280000,0x00000000f1280000,0x00000000f2b00000)
 ParOldGen       total 126464K, used 63125K [0x00000000a0000000, 0x00000000a7b80000, 0x00000000e0000000)
  object space 126464K, 49% used [0x00000000a0000000,0x00000000a3da57e8,0x00000000a7b80000)
 Metaspace       used 94194K, capacity 97874K, committed 98264K, reserved 1134592K
  class space    used 11982K, capacity 12672K, committed 12760K, reserved 1048576K
}

