# JRE version: OpenJDK Runtime Environment (8.0_202-b03) (build 1.8.0_202-release-1483-b03)
# Java VM: OpenJDK 64-Bit Server VM (25.202-b03 mixed mode windows-amd64 compressed oops)
Heap:
 PSYoungGen      total 147456K, used 21353K [0x00000000e0000000, 0x00000000ec480000, 0x0000000100000000)
  eden space 132096K, 5% used [0x00000000e0000000,0x00000000e07a1148,0x00000000e8100000)
  from space 15360K, 88% used [0x00000000eb580000,0x00000000ec2b96b0,0x00000000ec480000)
  to   space 12288K, 0% used [0x00000000e8100000,0x00000000e8100000,0x00000000e8d00000)
 ParOldGen       total 55296K, used 28656K [0x00000000a0000000, 0x00000000a3600000, 0x00000000e0000000)
  object space 55296K, 51% used [0x00000000a0000000,0x00000000a1bfc100,0x00000000a3600000)
 Metaspace       used 56288K, capacity 58320K, committed 58624K, reserved 1099776K
  class space    used 7696K, capacity 8128K, committed 8192K, reserved 1048576K
GC Heap History (10 events):
Event: 9.095 GC heap before
{Heap before GC invocations=10 (full 1):
 PSYoungGen      total 108032K, used 107808K [0x00000000e0000000, 0x00000000e8f00000, 0x0000000100000000)
  eden space 100352K, 100% used [0x00000000e0000000,0x00000000e6200000,0x00000000e6200000)
  from space 7680K, 97% used [0x00000000e8780000,0x00000000e8ec80d0,0x00000000e8f00000)
  to   space 10240K, 0% used [0x00000000e7b00000,0x00000000e7b00000,0x00000000e8500000)
 ParOldGen       total 38400K, used 11108K [0x00000000a0000000, 0x00000000a2580000, 0x00000000e0000000)
  object space 38400K, 28% used [0x00000000a0000000,0x00000000a0ad9368,0x00000000a2580000)
 Metaspace       used 34075K, capacity 34968K, committed 35200K, reserved 1079296K
  class space    used 4709K, capacity 4922K, committed 4992K, reserved 1048576K
Event: 9.111 GC heap after
Heap after GC invocations=10 (full 1):
 PSYoungGen      total 136192K, used 10223K [0x00000000e0000000, 0x00000000e9980000, 0x0000000100000000)
  eden space 125952K, 0% used [0x00000000e0000000,0x00000000e0000000,0x00000000e7b00000)
  from space 10240K, 99% used [0x00000000e7b00000,0x00000000e84fbd88,0x00000000e8500000)
  to   space 12800K, 0% used [0x00000000e8d00000,0x00000000e8d00000,0x00000000e9980000)
 ParOldGen       total 38400K, used 13483K [0x00000000a0000000, 0x00000000a2580000, 0x00000000e0000000)
  object space 38400K, 35% used [0x00000000a0000000,0x00000000a0d2acb0,0x00000000a2580000)
 Metaspace       used 34075K, capacity 34968K, committed 35200K, reserved 1079296K
  class space    used 4709K, capacity 4922K, committed 4992K, reserved 1048576K
}
Event: 9.484 GC heap before
{Heap before GC invocations=11 (full 1):
 PSYoungGen      total 136192K, used 19591K [0x00000000e0000000, 0x00000000e9980000, 0x0000000100000000)
  eden space 125952K, 7% used [0x00000000e0000000,0x00000000e0925f58,0x00000000e7b00000)
  from space 10240K, 99% used [0x00000000e7b00000,0x00000000e84fbd88,0x00000000e8500000)
  to   space 12800K, 0% used [0x00000000e8d00000,0x00000000e8d00000,0x00000000e9980000)
 ParOldGen       total 38400K, used 13483K [0x00000000a0000000, 0x00000000a2580000, 0x00000000e0000000)
  object space 38400K, 35% used [0x00000000a0000000,0x00000000a0d2acb0,0x00000000a2580000)
 Metaspace       used 34433K, capacity 35406K, committed 35456K, reserved 1079296K
  class space    used 4748K, capacity 4959K, committed 4992K, reserved 1048576K
Event: 9.497 GC heap after
Heap after GC invocations=11 (full 1):
 PSYoungGen      total 144896K, used 5712K [0x00000000e0000000, 0x00000000ec080000, 0x0000000100000000)
  eden space 132096K, 0% used [0x00000000e0000000,0x00000000e0000000,0x00000000e8100000)
  from space 12800K, 44% used [0x00000000e8d00000,0x00000000e9294010,0x00000000e9980000)
  to   space 12288K, 0% used [0x00000000e8100000,0x00000000e8100000,0x00000000e8d00000)
 ParOldGen       total 38400K, used 16423K [0x00000000a0000000, 0x00000000a2580000, 0x00000000e0000000)
  object space 38400K, 42% used [0x00000000a0000000,0x00000000a1009fa8,0x00000000a2580000)
 Metaspace       used 34433K, capacity 35406K, committed 35456K, reserved 1079296K
  class space    used 4748K, capacity 4959K, committed 4992K, reserved 1048576K
}
Event: 9.497 GC heap before
{Heap before GC invocations=12 (full 2):
 PSYoungGen      total 144896K, used 5712K [0x00000000e0000000, 0x00000000ec080000, 0x0000000100000000)
  eden space 132096K, 0% used [0x00000000e0000000,0x00000000e0000000,0x00000000e8100000)
  from space 12800K, 44% used [0x00000000e8d00000,0x00000000e9294010,0x00000000e9980000)
  to   space 12288K, 0% used [0x00000000e8100000,0x00000000e8100000,0x00000000e8d00000)
 ParOldGen       total 38400K, used 16423K [0x00000000a0000000, 0x00000000a2580000, 0x00000000e0000000)
  object space 38400K, 42% used [0x00000000a0000000,0x00000000a1009fa8,0x00000000a2580000)
 Metaspace       used 34433K, capacity 35406K, committed 35456K, reserved 1079296K
  class space    used 4748K, capacity 4959K, committed 4992K, reserved 1048576K
Event: 9.596 GC heap after
Heap after GC invocations=12 (full 2):
 PSYoungGen      total 144896K, used 0K [0x00000000e0000000, 0x00000000ec080000, 0x0000000100000000)
  eden space 132096K, 0% used [0x00000000e0000000,0x00000000e0000000,0x00000000e8100000)
  from space 12800K, 0% used [0x00000000e8d00000,0x00000000e8d00000,0x00000000e9980000)
  to   space 12288K, 0% used [0x00000000e8100000,0x00000000e8100000,0x00000000e8d00000)
 ParOldGen       total 55296K, used 15691K [0x00000000a0000000, 0x00000000a3600000, 0x00000000e0000000)
  object space 55296K, 28% used [0x00000000a0000000,0x00000000a0f52d40,0x00000000a3600000)
 Metaspace       used 34433K, capacity 35406K, committed 35456K, reserved 1079296K
  class space    used 4748K, capacity 4959K, committed 4992K, reserved 1048576K
}
Event: 16.869 GC heap before
{Heap before GC invocations=13 (full 2):
 PSYoungGen      total 144896K, used 132096K [0x00000000e0000000, 0x00000000ec080000, 0x0000000100000000)
  eden space 132096K, 100% used [0x00000000e0000000,0x00000000e8100000,0x00000000e8100000)
  from space 12800K, 0% used [0x00000000e8d00000,0x00000000e8d00000,0x00000000e9980000)
  to   space 12288K, 0% used [0x00000000e8100000,0x00000000e8100000,0x00000000e8d00000)
 ParOldGen       total 55296K, used 15691K [0x00000000a0000000, 0x00000000a3600000, 0x00000000e0000000)
  object space 55296K, 28% used [0x00000000a0000000,0x00000000a0f52d40,0x00000000a3600000)
 Metaspace       used 45781K, capacity 47190K, committed 47232K, reserved 1089536K
  class space    used 6182K, capacity 6509K, committed 6528K, reserved 1048576K
Event: 16.923 GC heap after
Heap after GC invocations=13 (full 2):
 PSYoungGen      total 144384K, used 12286K [0x00000000e0000000, 0x00000000ec480000, 0x0000000100000000)
  eden space 132096K, 0% used [0x00000000e0000000,0x00000000e0000000,0x00000000e8100000)
  from space 12288K, 99% used [0x00000000e8100000,0x00000000e8cffac0,0x00000000e8d00000)
  to   space 15360K, 0% used [0x00000000eb580000,0x00000000eb580000,0x00000000ec480000)
 ParOldGen       total 55296K, used 20120K [0x00000000a0000000, 0x00000000a3600000, 0x00000000e0000000)
  object space 55296K, 36% used [0x00000000a0000000,0x00000000a13a6048,0x00000000a3600000)
 Metaspace       used 45781K, capacity 47190K, committed 47232K, reserved 1089536K
  class space    used 6182K, capacity 6509K, committed 6528K, reserved 1048576K
}
Event: 20.954 GC heap before
{Heap before GC invocations=14 (full 2):
 PSYoungGen      total 144384K, used 144382K [0x00000000e0000000, 0x00000000ec480000, 0x0000000100000000)
  eden space 132096K, 100% used [0x00000000e0000000,0x00000000e8100000,0x00000000e8100000)
  from space 12288K, 99% used [0x00000000e8100000,0x00000000e8cffac0,0x00000000e8d00000)
  to   space 15360K, 0% used [0x00000000eb580000,0x00000000eb580000,0x00000000ec480000)
 ParOldGen       total 55296K, used 20120K [0x00000000a0000000, 0x00000000a3600000, 0x00000000e0000000)
  object space 55296K, 36% used [0x00000000a0000000,0x00000000a13a6048,0x00000000a3600000)
 Metaspace       used 56091K, capacity 58148K, committed 58368K, reserved 1099776K
  class space    used 7664K, capacity 8091K, committed 8192K, reserved 1048576K
Event: 21.029 GC heap after
Heap after GC invocations=14 (full 2):
 PSYoungGen      total 147456K, used 13541K [0x00000000e0000000, 0x00000000ec480000, 0x0000000100000000)
  eden space 132096K, 0% used [0x00000000e0000000,0x00000000e0000000,0x00000000e8100000)
  from space 15360K, 88% used [0x00000000eb580000,0x00000000ec2b96b0,0x00000000ec480000)
  to   space 12288K, 0% used [0x00000000e8100000,0x00000000e8100000,0x00000000e8d00000)
 ParOldGen       total 55296K, used 28656K [0x00000000a0000000, 0x00000000a3600000, 0x00000000e0000000)
  object space 55296K, 51% used [0x00000000a0000000,0x00000000a1bfc100,0x00000000a3600000)
 Metaspace       used 56091K, capacity 58148K, committed 58368K, reserved 1099776K
  class space    used 7664K, capacity 8091K, committed 8192K, reserved 1048576K
}

